Determining if the function sgemm_ exists failed with the following output:
Change Dir: /home/caiersheng/下载/task_final/build/CMakeFiles/CMakeTmp

Run Build Command(s):/usr/bin/gmake -f Makefile cmTC_ddd05/fast && /usr/bin/gmake  -f CMakeFiles/cmTC_ddd05.dir/build.make CMakeFiles/cmTC_ddd05.dir/build
gmake[1]: 进入目录“/home/caiersheng/下载/task_final/build/CMakeFiles/CMakeTmp”
Building C object CMakeFiles/cmTC_ddd05.dir/CheckFunctionExists.c.o
/usr/bin/cc   -DCHECK_FUNCTION_EXISTS=sgemm_ -o CMakeFiles/cmTC_ddd05.dir/CheckFunctionExists.c.o -c /usr/share/cmake-3.22/Modules/CheckFunctionExists.c
Linking C executable cmTC_ddd05
/usr/bin/cmake -E cmake_link_script CMakeFiles/cmTC_ddd05.dir/link.txt --verbose=1
/usr/bin/cc  -DCHECK_FUNCTION_EXISTS=sgemm_ -rdynamic CMakeFiles/cmTC_ddd05.dir/CheckFunctionExists.c.o -o cmTC_ddd05 
/usr/bin/ld: CMakeFiles/cmTC_ddd05.dir/CheckFunctionExists.c.o: in function `main':
CheckFunctionExists.c:(.text+0x14): undefined reference to `sgemm_'
collect2: error: ld returned 1 exit status
gmake[1]: *** [CMakeFiles/cmTC_ddd05.dir/build.make:99：cmTC_ddd05] 错误 1
gmake[1]: 离开目录“/home/caiersheng/下载/task_final/build/CMakeFiles/CMakeTmp”
gmake: *** [Makefile:127：cmTC_ddd05/fast] 错误 2



Determining if the function cheev_ exists failed with the following output:
Change Dir: /home/caiersheng/下载/task_final/build/CMakeFiles/CMakeTmp

Run Build Command(s):/usr/bin/gmake -f Makefile cmTC_5094d/fast && /usr/bin/gmake  -f CMakeFiles/cmTC_5094d.dir/build.make CMakeFiles/cmTC_5094d.dir/build
gmake[1]: 进入目录“/home/caiersheng/下载/task_final/build/CMakeFiles/CMakeTmp”
Building C object CMakeFiles/cmTC_5094d.dir/CheckFunctionExists.c.o
/usr/bin/cc   -DCHECK_FUNCTION_EXISTS=cheev_ -o CMakeFiles/cmTC_5094d.dir/CheckFunctionExists.c.o -c /usr/share/cmake-3.22/Modules/CheckFunctionExists.c
Linking C executable cmTC_5094d
/usr/bin/cmake -E cmake_link_script CMakeFiles/cmTC_5094d.dir/link.txt --verbose=1
/usr/bin/cc  -DCHECK_FUNCTION_EXISTS=cheev_ -rdynamic CMakeFiles/cmTC_5094d.dir/CheckFunctionExists.c.o -o cmTC_5094d  /usr/lib/x86_64-linux-gnu/libblas.so -lm -ldl 
/usr/bin/ld: CMakeFiles/cmTC_5094d.dir/CheckFunctionExists.c.o: in function `main':
CheckFunctionExists.c:(.text+0x14): undefined reference to `cheev_'
collect2: error: ld returned 1 exit status
gmake[1]: *** [CMakeFiles/cmTC_5094d.dir/build.make:100：cmTC_5094d] 错误 1
gmake[1]: 离开目录“/home/caiersheng/下载/task_final/build/CMakeFiles/CMakeTmp”
gmake: *** [Makefile:127：cmTC_5094d/fast] 错误 2



Determining if the function cheev_ exists failed with the following output:
Change Dir: /home/caiersheng/下载/task_final/build/CMakeFiles/CMakeTmp

Run Build Command(s):/usr/bin/gmake -f Makefile cmTC_489fe/fast && /usr/bin/gmake  -f CMakeFiles/cmTC_489fe.dir/build.make CMakeFiles/cmTC_489fe.dir/build
gmake[1]: 进入目录“/home/caiersheng/下载/task_final/build/CMakeFiles/CMakeTmp”
Building C object CMakeFiles/cmTC_489fe.dir/CheckFunctionExists.c.o
/usr/bin/cc   -DCHECK_FUNCTION_EXISTS=cheev_ -o CMakeFiles/cmTC_489fe.dir/CheckFunctionExists.c.o -c /usr/share/cmake-3.22/Modules/CheckFunctionExists.c
Linking C executable cmTC_489fe
/usr/bin/cmake -E cmake_link_script CMakeFiles/cmTC_489fe.dir/link.txt --verbose=1
/usr/bin/cc  -DCHECK_FUNCTION_EXISTS=cheev_ -rdynamic CMakeFiles/cmTC_489fe.dir/CheckFunctionExists.c.o -o cmTC_489fe  /usr/lib/x86_64-linux-gnu/liblapack.so /usr/lib/x86_64-linux-gnu/libblas.so -fortranlibs 
cc: error: unrecognized command-line option ‘-fortranlibs’
gmake[1]: *** [CMakeFiles/cmTC_489fe.dir/build.make:101：cmTC_489fe] 错误 1
gmake[1]: 离开目录“/home/caiersheng/下载/task_final/build/CMakeFiles/CMakeTmp”
gmake: *** [Makefile:127：cmTC_489fe/fast] 错误 2



